<?xml version="1.0" encoding="UTF-8"?>
<testsuite xmlns:xsi="http://www.w3.org/2001/XMLSchema-instance" xsi:noNamespaceSchemaLocation="https://maven.apache.org/surefire/maven-surefire-plugin/xsd/surefire-test-report-3.0.xsd" version="3.0" name="TestSuite" time="39.798" tests="8" errors="0" skipped="0" failures="0">
  <properties>
    <property name="java.specification.version" value="14"/>
    <property name="sun.jnu.encoding" value="UTF-8"/>
    <property name="java.class.path" value="/Users/brayan.ulloa/Documents/Automation/automated_testing_java/target/test-classes:/Users/brayan.ulloa/Documents/Automation/automated_testing_java/target/classes:/Users/brayan.ulloa/.m2/repository/org/seleniumhq/selenium/selenium-chrome-driver/3.141.59/selenium-chrome-driver-3.141.59.jar:/Users/brayan.ulloa/.m2/repository/org/seleniumhq/selenium/selenium-api/3.141.59/selenium-api-3.141.59.jar:/Users/brayan.ulloa/.m2/repository/org/seleniumhq/selenium/selenium-remote-driver/3.141.59/selenium-remote-driver-3.141.59.jar:/Users/brayan.ulloa/.m2/repository/net/bytebuddy/byte-buddy/1.8.15/byte-buddy-1.8.15.jar:/Users/brayan.ulloa/.m2/repository/org/apache/commons/commons-exec/1.3/commons-exec-1.3.jar:/Users/brayan.ulloa/.m2/repository/com/google/guava/guava/25.0-jre/guava-25.0-jre.jar:/Users/brayan.ulloa/.m2/repository/com/google/code/findbugs/jsr305/1.3.9/jsr305-1.3.9.jar:/Users/brayan.ulloa/.m2/repository/org/checkerframework/checker-compat-qual/2.0.0/checker-compat-qual-2.0.0.jar:/Users/brayan.ulloa/.m2/repository/com/google/errorprone/error_prone_annotations/2.1.3/error_prone_annotations-2.1.3.jar:/Users/brayan.ulloa/.m2/repository/com/google/j2objc/j2objc-annotations/1.1/j2objc-annotations-1.1.jar:/Users/brayan.ulloa/.m2/repository/org/codehaus/mojo/animal-sniffer-annotations/1.14/animal-sniffer-annotations-1.14.jar:/Users/brayan.ulloa/.m2/repository/com/squareup/okhttp3/okhttp/3.11.0/okhttp-3.11.0.jar:/Users/brayan.ulloa/.m2/repository/com/squareup/okio/okio/1.14.0/okio-1.14.0.jar:/Users/brayan.ulloa/.m2/repository/org/testng/testng/6.14.3/testng-6.14.3.jar:/Users/brayan.ulloa/.m2/repository/com/beust/jcommander/1.72/jcommander-1.72.jar:/Users/brayan.ulloa/.m2/repository/org/apache-extras/beanshell/bsh/2.0b6/bsh-2.0b6.jar:"/>
    <property name="java.vm.vendor" value="Oracle Corporation"/>
    <property name="sun.arch.data.model" value="64"/>
    <property name="java.vendor.url" value="https://openjdk.java.net/"/>
    <property name="os.name" value="Mac OS X"/>
    <property name="java.vm.specification.version" value="14"/>
    <property name="sun.java.launcher" value="SUN_STANDARD"/>
    <property name="user.country" value="CR"/>
    <property name="sun.boot.library.path" value="/usr/local/Cellar/openjdk/14.0.1/libexec/openjdk.jdk/Contents/Home/lib"/>
    <property name="sun.java.command" value="/Users/brayan.ulloa/Documents/Automation/automated_testing_java/target/surefire/surefirebooter8610966317386152993.jar /Users/brayan.ulloa/Documents/Automation/automated_testing_java/target/surefire 2020-10-22T12-15-19_580-jvmRun1 surefire14654853410535543063tmp surefire_05014553559014714633tmp"/>
    <property name="http.nonProxyHosts" value="local|*.local|169.254/16|*.169.254/16"/>
    <property name="jdk.debug" value="release"/>
    <property name="surefire.test.class.path" value="/Users/brayan.ulloa/Documents/Automation/automated_testing_java/target/test-classes:/Users/brayan.ulloa/Documents/Automation/automated_testing_java/target/classes:/Users/brayan.ulloa/.m2/repository/org/seleniumhq/selenium/selenium-chrome-driver/3.141.59/selenium-chrome-driver-3.141.59.jar:/Users/brayan.ulloa/.m2/repository/org/seleniumhq/selenium/selenium-api/3.141.59/selenium-api-3.141.59.jar:/Users/brayan.ulloa/.m2/repository/org/seleniumhq/selenium/selenium-remote-driver/3.141.59/selenium-remote-driver-3.141.59.jar:/Users/brayan.ulloa/.m2/repository/net/bytebuddy/byte-buddy/1.8.15/byte-buddy-1.8.15.jar:/Users/brayan.ulloa/.m2/repository/org/apache/commons/commons-exec/1.3/commons-exec-1.3.jar:/Users/brayan.ulloa/.m2/repository/com/google/guava/guava/25.0-jre/guava-25.0-jre.jar:/Users/brayan.ulloa/.m2/repository/com/google/code/findbugs/jsr305/1.3.9/jsr305-1.3.9.jar:/Users/brayan.ulloa/.m2/repository/org/checkerframework/checker-compat-qual/2.0.0/checker-compat-qual-2.0.0.jar:/Users/brayan.ulloa/.m2/repository/com/google/errorprone/error_prone_annotations/2.1.3/error_prone_annotations-2.1.3.jar:/Users/brayan.ulloa/.m2/repository/com/google/j2objc/j2objc-annotations/1.1/j2objc-annotations-1.1.jar:/Users/brayan.ulloa/.m2/repository/org/codehaus/mojo/animal-sniffer-annotations/1.14/animal-sniffer-annotations-1.14.jar:/Users/brayan.ulloa/.m2/repository/com/squareup/okhttp3/okhttp/3.11.0/okhttp-3.11.0.jar:/Users/brayan.ulloa/.m2/repository/com/squareup/okio/okio/1.14.0/okio-1.14.0.jar:/Users/brayan.ulloa/.m2/repository/org/testng/testng/6.14.3/testng-6.14.3.jar:/Users/brayan.ulloa/.m2/repository/com/beust/jcommander/1.72/jcommander-1.72.jar:/Users/brayan.ulloa/.m2/repository/org/apache-extras/beanshell/bsh/2.0b6/bsh-2.0b6.jar:"/>
    <property name="sun.cpu.endian" value="little"/>
    <property name="user.home" value="/Users/brayan.ulloa"/>
    <property name="user.language" value="en"/>
    <property name="java.specification.vendor" value="Oracle Corporation"/>
    <property name="java.version.date" value="2020-04-14"/>
    <property name="java.home" value="/usr/local/Cellar/openjdk/14.0.1/libexec/openjdk.jdk/Contents/Home"/>
    <property name="file.separator" value="/"/>
    <property name="basedir" value="/Users/brayan.ulloa/Documents/Automation/automated_testing_java"/>
    <property name="java.vm.compressedOopsMode" value="Zero based"/>
    <property name="line.separator" value="&#10;"/>
    <property name="java.specification.name" value="Java Platform API Specification"/>
    <property name="java.vm.specification.vendor" value="Oracle Corporation"/>
    <property name="surefire.real.class.path" value="/Users/brayan.ulloa/Documents/Automation/automated_testing_java/target/surefire/surefirebooter8610966317386152993.jar"/>
    <property name="sun.management.compiler" value="HotSpot 64-Bit Tiered Compilers"/>
    <property name="ftp.nonProxyHosts" value="local|*.local|169.254/16|*.169.254/16"/>
    <property name="java.runtime.version" value="14.0.1+14"/>
    <property name="user.name" value="brayan.ulloa"/>
    <property name="path.separator" value=":"/>
    <property name="os.version" value="10.15.6"/>
    <property name="java.runtime.name" value="OpenJDK Runtime Environment"/>
    <property name="file.encoding" value="UTF-8"/>
    <property name="java.vm.name" value="OpenJDK 64-Bit Server VM"/>
    <property name="localRepository" value="/Users/brayan.ulloa/.m2/repository"/>
    <property name="java.vendor.url.bug" value="https://bugreport.java.com/bugreport/"/>
    <property name="java.io.tmpdir" value="/var/folders/_y/mr7yn985221c1qp1yfy9x8pc0000gp/T/"/>
    <property name="java.version" value="14.0.1"/>
    <property name="user.dir" value="/Users/brayan.ulloa/Documents/Automation/automated_testing_java"/>
    <property name="os.arch" value="x86_64"/>
    <property name="java.vm.specification.name" value="Java Virtual Machine Specification"/>
    <property name="java.library.path" value="/Users/brayan.ulloa/Library/Java/Extensions:/Library/Java/Extensions:/Network/Library/Java/Extensions:/System/Library/Java/Extensions:/usr/lib/java:."/>
    <property name="java.vm.info" value="mixed mode, sharing"/>
    <property name="java.vendor" value="N/A"/>
    <property name="java.vm.version" value="14.0.1+14"/>
    <property name="sun.io.unicode.encoding" value="UnicodeBig"/>
    <property name="socksNonProxyHosts" value="local|*.local|169.254/16|*.169.254/16"/>
    <property name="java.class.version" value="58.0"/>
  </properties>
  <testcase name="cartBadge" classname="tests.CartTests" time="1.861"/>
  <testcase name="checkoutButtonAvailable" classname="tests.CartTests" time="0.993"/>
  <testcase name="continueShoppingButtonAvailable" classname="tests.CartTests" time="0.888"/>
  <testcase name="cancelButton" classname="tests.CheckoutTests" time="3.081"/>
  <testcase name="completeOrder" classname="tests.CheckoutTests" time="3.065"/>
  <testcase name="submitCheckoutFormWithoutFirstName" classname="tests.CheckoutTests" time="2.411"/>
  <testcase name="submitCheckoutFormWithoutLastName" classname="tests.CheckoutTests" time="2.514"/>
  <testcase name="submitCheckoutFormWithoutPostalCode" classname="tests.CheckoutTests" time="2.653"/>
</testsuite>