<?xml version="1.0" encoding="UTF-8"?>
<!-- Generated by org.testng.reporters.JUnitReportReporter -->
<testsuite hostname="Brayan-Ulloa-MacBook-Pro.local" failures="0" tests="5" name="tests.CheckoutTests" time="14.348" errors="0" timestamp="22 Oct 2020 18:16:00 GMT" skipped="0">
  <testcase classname="tests.CheckoutTests" name="cancelButton" time="3.192"/>
  <testcase classname="tests.CheckoutTests" name="completeOrder" time="3.172"/>
  <testcase classname="tests.CheckoutTests" name="submitCheckoutFormWithoutFirstName" time="2.524"/>
  <testcase classname="tests.CheckoutTests" name="submitCheckoutFormWithoutLastName" time="2.723"/>
  <testcase classname="tests.CheckoutTests" name="submitCheckoutFormWithoutPostalCode" time="2.737"/>
</testsuite> <!-- tests.CheckoutTests -->
