<?xml version="1.0" encoding="UTF-8"?>
<!-- Generated by org.testng.reporters.JUnitReportReporter -->
<testsuite hostname="Brayan-Ulloa-MacBook-Pro.local" failures="0" tests="3" name="tests.CartTests" time="4.121" errors="0" timestamp="22 Oct 2020 18:16:00 GMT" skipped="0">
  <testcase classname="tests.CartTests" name="cartBadge" time="1.945"/>
  <testcase classname="tests.CartTests" name="continueShoppingButtonAvailable" time="1.071"/>
  <testcase classname="tests.CartTests" name="checkoutButtonAvailable" time="1.105"/>
</testsuite> <!-- tests.CartTests -->
